<?xml version="1.0" encoding="UTF-8"?>
<!-- Generated by org.testng.reporters.JUnitReportReporter -->
<testsuite skipped="0" hostname="MT-PF185WZ2" name="com.mindtree.Runner.Runner" tests="1" failures="0" timestamp="2021-10-13T11:11:38 IST" time="30.789" errors="0">
  <testcase name="OrderDress" time="30.789" classname="com.mindtree.Runner.Runner"/>
  <system-out/>
</testsuite> <!-- com.mindtree.Runner.Runner -->
